<?xml version="1.0" encoding="UTF-8"?>
<testng-results ignored="0" total="1" passed="1" failed="0" skipped="0">
  <reporter-output>
  </reporter-output>
  <suite started-at="2021-01-13T21:10:43 IST" name="Default suite" finished-at="2021-01-13T21:10:51 IST" duration-ms="7857">
    <groups>
    </groups>
    <test started-at="2021-01-13T21:10:43 IST" name="Default test" finished-at="2021-01-13T21:10:51 IST" duration-ms="7857">
      <class name="testGooglesearchTestNG">
        <test-method is-config="true" signature="setUpTest()[pri:0, instance:testGooglesearchTestNG@4cc8eb05]" started-at="2021-01-13T21:10:43 IST" name="setUpTest" finished-at="2021-01-13T21:10:47 IST" duration-ms="4269" status="PASS">
          <reporter-output>
          </reporter-output>
        </test-method> <!-- setUpTest -->
        <test-method signature="GoogleSearch()[pri:0, instance:testGooglesearchTestNG@4cc8eb05]" started-at="2021-01-13T21:10:48 IST" name="GoogleSearch" finished-at="2021-01-13T21:10:50 IST" duration-ms="2859" status="PASS">
          <reporter-output>
          </reporter-output>
        </test-method> <!-- GoogleSearch -->
        <test-method is-config="true" signature="tearDownTest()[pri:0, instance:testGooglesearchTestNG@4cc8eb05]" started-at="2021-01-13T21:10:50 IST" name="tearDownTest" finished-at="2021-01-13T21:10:51 IST" duration-ms="699" status="PASS">
          <reporter-output>
          </reporter-output>
        </test-method> <!-- tearDownTest -->
      </class> <!-- testGooglesearchTestNG -->
    </test> <!-- Default test -->
  </suite> <!-- Default suite -->
</testng-results>
